<?xml version="1.0" encoding="UTF-8"?>
<!-- Generated by org.testng.reporters.JUnitReportReporter -->
<testsuite hostname="samlin-PC" name="testCase.NewTest" tests="2" failures="0" timestamp="29 Sep 2019 14:06:58 GMT" time="0.004" errors="0">
  <testcase name="f" time="0.002" classname="testCase.NewTest"/>
  <testcase name="f" time="0.002" classname="testCase.NewTest"/>
</testsuite> <!-- testCase.NewTest -->
